2025.04.28 14:40:35 INFO  Started: Metals version 1.4.2 in folders '/home/chikoyeat/projects/crimson-sail' for client helix 24.7 (079f5442).[0m
Apr 28, 2025 2:40:35 PM org.eclipse.lsp4j.jsonrpc.RemoteEndpoint handleNotification
WARNING: Notification threw an exception: {
  "jsonrpc": "2.0",
  "method": "textDocument/didOpen",
  "params": {
    "textDocument": {
      "uri": "file:///home/chikoyeat/projects/crimson-sail/src/main/scala/com/example/WasmEmitter.scala",
      "languageId": "scala",
      "version": 0,
      "text": "\n"
    }
  }
}
java.lang.IllegalStateException: An unexpected exception occurred while executing jsonrpc method public abstract java.util.concurrent.CompletableFuture scala.meta.metals.lsp.TextDocumentService.didOpen(org.eclipse.lsp4j.DidOpenTextDocumentParams)
	at org.eclipse.lsp4j.jsonrpc.services.GenericEndpoint.lambda$recursiveFindRpcMethods$0(GenericEndpoint.java:73)
	at org.eclipse.lsp4j.jsonrpc.services.GenericEndpoint.notify(GenericEndpoint.java:160)
	at org.eclipse.lsp4j.jsonrpc.RemoteEndpoint.handleNotification(RemoteEndpoint.java:231)
	at org.eclipse.lsp4j.jsonrpc.RemoteEndpoint.consume(RemoteEndpoint.java:198)
	at org.eclipse.lsp4j.jsonrpc.json.StreamMessageProducer.handleMessage(StreamMessageProducer.java:185)
	at org.eclipse.lsp4j.jsonrpc.json.StreamMessageProducer.listen(StreamMessageProducer.java:97)
	at org.eclipse.lsp4j.jsonrpc.json.ConcurrentMessageProcessor.run(ConcurrentMessageProcessor.java:114)
	at java.base/java.util.concurrent.Executors$RunnableAdapter.call(Executors.java:572)
	at java.base/java.util.concurrent.FutureTask.run(FutureTask.java:317)
	at java.base/java.util.concurrent.ThreadPoolExecutor.runWorker(ThreadPoolExecutor.java:1144)
	at java.base/java.util.concurrent.ThreadPoolExecutor$Worker.run(ThreadPoolExecutor.java:642)
	at java.base/java.lang.Thread.run(Thread.java:1583)
Caused by: java.nio.file.NoSuchFileException: /home/chikoyeat/projects/crimson-sail/src/main/scala/com/example/WasmEmitter.scala
	at java.base/sun.nio.fs.UnixException.translateToIOException(UnixException.java:92)
	at java.base/sun.nio.fs.UnixException.rethrowAsIOException(UnixException.java:106)
	at java.base/sun.nio.fs.UnixException.rethrowAsIOException(UnixException.java:111)
	at java.base/sun.nio.fs.UnixFileSystemProvider.newByteChannel(UnixFileSystemProvider.java:261)
	at java.base/java.nio.file.Files.newByteChannel(Files.java:379)
	at java.base/java.nio.file.Files.newByteChannel(Files.java:431)
	at java.base/java.nio.file.Files.readAllBytes(Files.java:3268)
	at scala.meta.internal.io.PlatformFileIO$.slurp(PlatformFileIO.scala:42)
	at scala.meta.internal.io.FileIO$.slurp(FileIO.scala:18)
	at scala.meta.internal.metals.MetalsLspService.didOpen(MetalsLspService.scala:754)
	at scala.meta.internal.metals.WorkspaceLspService.didOpen(WorkspaceLspService.scala:403)
	at scala.meta.metals.lsp.DelegatingScalaService.didOpen(DelegatingScalaService.scala:39)
	at java.base/jdk.internal.reflect.DirectMethodHandleAccessor.invoke(DirectMethodHandleAccessor.java:103)
	at java.base/java.lang.reflect.Method.invoke(Method.java:580)
	at org.eclipse.lsp4j.jsonrpc.services.GenericEndpoint.lambda$recursiveFindRpcMethods$0(GenericEndpoint.java:65)
	... 11 more

2025.04.28 14:40:35 INFO  no build target found for /home/chikoyeat/projects/crimson-sail/src/main/scala/com/example/WasmEmitter.scala. Using presentation compiler with project's scala-library version: 3.3.4[0m
2025.04.28 14:40:36 ERROR Unexpected error initializing server: 
org.eclipse.lsp4j.jsonrpc.ResponseErrorException: Method not found: window/showMessageRequest
	at org.eclipse.lsp4j.jsonrpc.RemoteEndpoint.handleResponse(RemoteEndpoint.java:220)
	at org.eclipse.lsp4j.jsonrpc.RemoteEndpoint.consume(RemoteEndpoint.java:204)
	at org.eclipse.lsp4j.jsonrpc.json.StreamMessageProducer.handleMessage(StreamMessageProducer.java:185)
	at org.eclipse.lsp4j.jsonrpc.json.StreamMessageProducer.listen(StreamMessageProducer.java:97)
	at org.eclipse.lsp4j.jsonrpc.json.ConcurrentMessageProcessor.run(ConcurrentMessageProcessor.java:114)
	at java.util.concurrent.Executors$RunnableAdapter.call(Executors.java:572)
	at java.util.concurrent.FutureTask.run(FutureTask.java:317)
	at java.util.concurrent.ThreadPoolExecutor.runWorker(ThreadPoolExecutor.java:1144)
	at java.util.concurrent.ThreadPoolExecutor$Worker.run(ThreadPoolExecutor.java:642)
	at java.lang.Thread.run(Thread.java:1583)
[0m
2025.04.28 14:40:57 WARN  no build target for: /home/chikoyeat/projects/crimson-sail/src/main/scala/com/example/WasmEmitter.scala[0m
2025.04.28 14:40:57 INFO  Shutting down server[0m
2025.04.28 14:40:57 INFO  shutting down Metals[0m
2025.04.28 14:40:57 INFO  no build target found for /home/chikoyeat/projects/crimson-sail/src/main/scala/com/example/WasmEmitter.scala. Using presentation compiler with project's scala-library version: 3.3.4[0m
2025.04.28 14:41:20 INFO  Started: Metals version 1.4.2 in folders '/home/chikoyeat/projects/crimson-sail' for client helix 24.7 (079f5442).[0m
Apr 28, 2025 2:41:24 PM org.eclipse.lsp4j.jsonrpc.RemoteEndpoint handleNotification
WARNING: Notification threw an exception: {
  "jsonrpc": "2.0",
  "method": "textDocument/didOpen",
  "params": {
    "textDocument": {
      "uri": "file:///home/chikoyeat/projects/crimson-sail/src/main/scala/com/example/StarlarkParser.scala",
      "languageId": "scala",
      "version": 0,
      "text": "\n"
    }
  }
}
java.lang.IllegalStateException: An unexpected exception occurred while executing jsonrpc method public abstract java.util.concurrent.CompletableFuture scala.meta.metals.lsp.TextDocumentService.didOpen(org.eclipse.lsp4j.DidOpenTextDocumentParams)
	at org.eclipse.lsp4j.jsonrpc.services.GenericEndpoint.lambda$recursiveFindRpcMethods$0(GenericEndpoint.java:73)
	at org.eclipse.lsp4j.jsonrpc.services.GenericEndpoint.notify(GenericEndpoint.java:160)
	at org.eclipse.lsp4j.jsonrpc.RemoteEndpoint.handleNotification(RemoteEndpoint.java:231)
	at org.eclipse.lsp4j.jsonrpc.RemoteEndpoint.consume(RemoteEndpoint.java:198)
	at org.eclipse.lsp4j.jsonrpc.json.StreamMessageProducer.handleMessage(StreamMessageProducer.java:185)
	at org.eclipse.lsp4j.jsonrpc.json.StreamMessageProducer.listen(StreamMessageProducer.java:97)
	at org.eclipse.lsp4j.jsonrpc.json.ConcurrentMessageProcessor.run(ConcurrentMessageProcessor.java:114)
	at java.base/java.util.concurrent.Executors$RunnableAdapter.call(Executors.java:572)
	at java.base/java.util.concurrent.FutureTask.run(FutureTask.java:317)
	at java.base/java.util.concurrent.ThreadPoolExecutor.runWorker(ThreadPoolExecutor.java:1144)
	at java.base/java.util.concurrent.ThreadPoolExecutor$Worker.run(ThreadPoolExecutor.java:642)
	at java.base/java.lang.Thread.run(Thread.java:1583)
Caused by: java.nio.file.NoSuchFileException: /home/chikoyeat/projects/crimson-sail/src/main/scala/com/example/StarlarkParser.scala
	at java.base/sun.nio.fs.UnixException.translateToIOException(UnixException.java:92)
	at java.base/sun.nio.fs.UnixException.rethrowAsIOException(UnixException.java:106)
	at java.base/sun.nio.fs.UnixException.rethrowAsIOException(UnixException.java:111)
	at java.base/sun.nio.fs.UnixFileSystemProvider.newByteChannel(UnixFileSystemProvider.java:261)
	at java.base/java.nio.file.Files.newByteChannel(Files.java:379)
	at java.base/java.nio.file.Files.newByteChannel(Files.java:431)
	at java.base/java.nio.file.Files.readAllBytes(Files.java:3268)
	at scala.meta.internal.io.PlatformFileIO$.slurp(PlatformFileIO.scala:42)
	at scala.meta.internal.io.FileIO$.slurp(FileIO.scala:18)
	at scala.meta.internal.metals.MetalsLspService.didOpen(MetalsLspService.scala:754)
	at scala.meta.internal.metals.WorkspaceLspService.didOpen(WorkspaceLspService.scala:403)
	at scala.meta.metals.lsp.DelegatingScalaService.didOpen(DelegatingScalaService.scala:39)
	at java.base/jdk.internal.reflect.DirectMethodHandleAccessor.invoke(DirectMethodHandleAccessor.java:103)
	at java.base/java.lang.reflect.Method.invoke(Method.java:580)
	at org.eclipse.lsp4j.jsonrpc.services.GenericEndpoint.lambda$recursiveFindRpcMethods$0(GenericEndpoint.java:65)
	... 11 more

2025.04.28 14:41:24 INFO  no build target found for /home/chikoyeat/projects/crimson-sail/src/main/scala/com/example/StarlarkParser.scala. Using presentation compiler with project's scala-library version: 3.3.4[0m
2025.04.28 14:41:37 INFO  Started: Metals version 1.4.2 in folders '/home/chikoyeat/projects/crimson-sail' for client helix 24.7 (079f5442).[0m
2025.04.28 14:41:38 ERROR Unexpected error initializing server: 
org.eclipse.lsp4j.jsonrpc.ResponseErrorException: Method not found: window/showMessageRequest
	at org.eclipse.lsp4j.jsonrpc.RemoteEndpoint.handleResponse(RemoteEndpoint.java:220)
	at org.eclipse.lsp4j.jsonrpc.RemoteEndpoint.consume(RemoteEndpoint.java:204)
	at org.eclipse.lsp4j.jsonrpc.json.StreamMessageProducer.handleMessage(StreamMessageProducer.java:185)
	at org.eclipse.lsp4j.jsonrpc.json.StreamMessageProducer.listen(StreamMessageProducer.java:97)
	at org.eclipse.lsp4j.jsonrpc.json.ConcurrentMessageProcessor.run(ConcurrentMessageProcessor.java:114)
	at java.util.concurrent.Executors$RunnableAdapter.call(Executors.java:572)
	at java.util.concurrent.FutureTask.run(FutureTask.java:317)
	at java.util.concurrent.ThreadPoolExecutor.runWorker(ThreadPoolExecutor.java:1144)
	at java.util.concurrent.ThreadPoolExecutor$Worker.run(ThreadPoolExecutor.java:642)
	at java.lang.Thread.run(Thread.java:1583)
[0m
2025.04.28 14:41:40 INFO  no build target found for /home/chikoyeat/projects/crimson-sail/src/main/scala/com/example/WasmEmitter.scala. Using presentation compiler with project's scala-library version: 3.3.4[0m
2025.04.28 14:41:42 INFO  no build target found for /home/chikoyeat/projects/crimson-sail/src/main/scala/com/example/WasmEmitter.scala. Using presentation compiler with project's scala-library version: 3.3.4[0m
2025.04.28 14:41:43 INFO  Shutting down server[0m
2025.04.28 14:41:43 WARN  no build target for: /home/chikoyeat/projects/crimson-sail/src/main/scala/com/example/StarlarkParser.scala[0m
2025.04.28 14:41:43 INFO  shutting down Metals[0m
2025.04.28 14:41:43 INFO  no build target found for /home/chikoyeat/projects/crimson-sail/src/main/scala/com/example/StarlarkParser.scala. Using presentation compiler with project's scala-library version: 3.3.4[0m
2025.04.28 14:41:45 INFO  Shutting down server[0m
2025.04.28 14:41:45 INFO  shutting down Metals[0m
2025.04.28 14:42:02 INFO  Started: Metals version 1.4.2 in folders '/home/chikoyeat/projects/crimson-sail' for client helix 24.7 (079f5442).[0m
Apr 28, 2025 2:42:05 PM org.eclipse.lsp4j.jsonrpc.RemoteEndpoint handleNotification
WARNING: Notification threw an exception: {
  "jsonrpc": "2.0",
  "method": "textDocument/didOpen",
  "params": {
    "textDocument": {
      "uri": "file:///home/chikoyeat/projects/crimson-sail/src/main/scala/com/example/Main.scala",
      "languageId": "scala",
      "version": 0,
      "text": "\n"
    }
  }
}
java.lang.IllegalStateException: An unexpected exception occurred while executing jsonrpc method public abstract java.util.concurrent.CompletableFuture scala.meta.metals.lsp.TextDocumentService.didOpen(org.eclipse.lsp4j.DidOpenTextDocumentParams)
	at org.eclipse.lsp4j.jsonrpc.services.GenericEndpoint.lambda$recursiveFindRpcMethods$0(GenericEndpoint.java:73)
	at org.eclipse.lsp4j.jsonrpc.services.GenericEndpoint.notify(GenericEndpoint.java:160)
	at org.eclipse.lsp4j.jsonrpc.RemoteEndpoint.handleNotification(RemoteEndpoint.java:231)
	at org.eclipse.lsp4j.jsonrpc.RemoteEndpoint.consume(RemoteEndpoint.java:198)
	at org.eclipse.lsp4j.jsonrpc.json.StreamMessageProducer.handleMessage(StreamMessageProducer.java:185)
	at org.eclipse.lsp4j.jsonrpc.json.StreamMessageProducer.listen(StreamMessageProducer.java:97)
	at org.eclipse.lsp4j.jsonrpc.json.ConcurrentMessageProcessor.run(ConcurrentMessageProcessor.java:114)
	at java.base/java.util.concurrent.Executors$RunnableAdapter.call(Executors.java:572)
	at java.base/java.util.concurrent.FutureTask.run(FutureTask.java:317)
	at java.base/java.util.concurrent.ThreadPoolExecutor.runWorker(ThreadPoolExecutor.java:1144)
	at java.base/java.util.concurrent.ThreadPoolExecutor$Worker.run(ThreadPoolExecutor.java:642)
	at java.base/java.lang.Thread.run(Thread.java:1583)
Caused by: java.nio.file.NoSuchFileException: /home/chikoyeat/projects/crimson-sail/src/main/scala/com/example/Main.scala
	at java.base/sun.nio.fs.UnixException.translateToIOException(UnixException.java:92)
	at java.base/sun.nio.fs.UnixException.rethrowAsIOException(UnixException.java:106)
	at java.base/sun.nio.fs.UnixException.rethrowAsIOException(UnixException.java:111)
	at java.base/sun.nio.fs.UnixFileSystemProvider.newByteChannel(UnixFileSystemProvider.java:261)
	at java.base/java.nio.file.Files.newByteChannel(Files.java:379)
	at java.base/java.nio.file.Files.newByteChannel(Files.java:431)
	at java.base/java.nio.file.Files.readAllBytes(Files.java:3268)
	at scala.meta.internal.io.PlatformFileIO$.slurp(PlatformFileIO.scala:42)
	at scala.meta.internal.io.FileIO$.slurp(FileIO.scala:18)
	at scala.meta.internal.metals.MetalsLspService.didOpen(MetalsLspService.scala:754)
	at scala.meta.internal.metals.WorkspaceLspService.didOpen(WorkspaceLspService.scala:403)
	at scala.meta.metals.lsp.DelegatingScalaService.didOpen(DelegatingScalaService.scala:39)
	at java.base/jdk.internal.reflect.DirectMethodHandleAccessor.invoke(DirectMethodHandleAccessor.java:103)
	at java.base/java.lang.reflect.Method.invoke(Method.java:580)
	at org.eclipse.lsp4j.jsonrpc.services.GenericEndpoint.lambda$recursiveFindRpcMethods$0(GenericEndpoint.java:65)
	... 11 more

2025.04.28 14:42:05 INFO  no build target found for /home/chikoyeat/projects/crimson-sail/src/main/scala/com/example/Main.scala. Using presentation compiler with project's scala-library version: 3.3.4[0m
2025.04.28 14:42:06 ERROR Unexpected error initializing server: 
org.eclipse.lsp4j.jsonrpc.ResponseErrorException: Method not found: window/showMessageRequest
	at org.eclipse.lsp4j.jsonrpc.RemoteEndpoint.handleResponse(RemoteEndpoint.java:220)
	at org.eclipse.lsp4j.jsonrpc.RemoteEndpoint.consume(RemoteEndpoint.java:204)
	at org.eclipse.lsp4j.jsonrpc.json.StreamMessageProducer.handleMessage(StreamMessageProducer.java:185)
	at org.eclipse.lsp4j.jsonrpc.json.StreamMessageProducer.listen(StreamMessageProducer.java:97)
	at org.eclipse.lsp4j.jsonrpc.json.ConcurrentMessageProcessor.run(ConcurrentMessageProcessor.java:114)
	at java.util.concurrent.Executors$RunnableAdapter.call(Executors.java:572)
	at java.util.concurrent.FutureTask.run(FutureTask.java:317)
	at java.util.concurrent.ThreadPoolExecutor.runWorker(ThreadPoolExecutor.java:1144)
	at java.util.concurrent.ThreadPoolExecutor$Worker.run(ThreadPoolExecutor.java:642)
	at java.lang.Thread.run(Thread.java:1583)
[0m
2025.04.28 14:42:26 INFO  Shutting down server[0m
2025.04.28 14:42:26 WARN  no build target for: /home/chikoyeat/projects/crimson-sail/src/main/scala/com/example/Main.scala[0m
2025.04.28 14:42:26 INFO  shutting down Metals[0m
2025.04.28 14:42:26 INFO  no build target found for /home/chikoyeat/projects/crimson-sail/src/main/scala/com/example/Main.scala. Using presentation compiler with project's scala-library version: 3.3.4[0m
2025.04.28 14:43:36 INFO  Started: Metals version 1.4.2 in folders '/home/chikoyeat/projects/crimson-sail' for client helix 24.7 (079f5442).[0m
2025.04.28 14:43:41 ERROR Unexpected error initializing server: 
org.eclipse.lsp4j.jsonrpc.ResponseErrorException: Method not found: window/showMessageRequest
	at org.eclipse.lsp4j.jsonrpc.RemoteEndpoint.handleResponse(RemoteEndpoint.java:220)
	at org.eclipse.lsp4j.jsonrpc.RemoteEndpoint.consume(RemoteEndpoint.java:204)
	at org.eclipse.lsp4j.jsonrpc.json.StreamMessageProducer.handleMessage(StreamMessageProducer.java:185)
	at org.eclipse.lsp4j.jsonrpc.json.StreamMessageProducer.listen(StreamMessageProducer.java:97)
	at org.eclipse.lsp4j.jsonrpc.json.ConcurrentMessageProcessor.run(ConcurrentMessageProcessor.java:114)
	at java.util.concurrent.Executors$RunnableAdapter.call(Executors.java:572)
	at java.util.concurrent.FutureTask.run(FutureTask.java:317)
	at java.util.concurrent.ThreadPoolExecutor.runWorker(ThreadPoolExecutor.java:1144)
	at java.util.concurrent.ThreadPoolExecutor$Worker.run(ThreadPoolExecutor.java:642)
	at java.lang.Thread.run(Thread.java:1583)
[0m
2025.04.28 14:43:49 INFO  no build target found for /home/chikoyeat/projects/crimson-sail/src/main/scala/com/example/StarlarkParser.scala. Using presentation compiler with project's scala-library version: 3.3.4[0m
2025.04.28 14:43:51 INFO  no build target found for /home/chikoyeat/projects/crimson-sail/src/main/scala/com/example/StarlarkParser.scala. Using presentation compiler with project's scala-library version: 3.3.4[0m
2025.04.28 14:43:51 INFO  no build target found for /home/chikoyeat/projects/crimson-sail/src/main/scala/com/example/StarlarkParser.scala. Using presentation compiler with project's scala-library version: 3.3.4[0m
2025.04.28 14:43:55 INFO  no build target found for /home/chikoyeat/projects/crimson-sail/src/main/scala/com/example/StarlarkParser.scala. Using presentation compiler with project's scala-library version: 3.3.4[0m
2025.04.28 14:44:01 INFO  no build target found for /home/chikoyeat/projects/crimson-sail/src/main/scala/com/example/StarlarkParser.scala. Using presentation compiler with project's scala-library version: 3.3.4[0m
2025.04.28 14:44:02 WARN  no build target for: /home/chikoyeat/projects/crimson-sail/src/main/scala/com/example/StarlarkParser.scala[0m
2025.04.28 14:44:02 INFO  no build target found for /home/chikoyeat/projects/crimson-sail/src/main/scala/com/example/StarlarkParser.scala. Using presentation compiler with project's scala-library version: 3.3.4[0m
2025.04.28 14:44:09 INFO  no build target found for /home/chikoyeat/projects/crimson-sail/src/main/scala/com/example/StarlarkParser.scala. Using presentation compiler with project's scala-library version: 3.3.4[0m
2025.04.28 14:44:09 INFO  no build target found for /home/chikoyeat/projects/crimson-sail/src/main/scala/com/example/StarlarkParser.scala. Using presentation compiler with project's scala-library version: 3.3.4[0m
2025.04.28 14:44:11 INFO  no build target found for /home/chikoyeat/projects/crimson-sail/src/main/scala/com/example/StarlarkParser.scala. Using presentation compiler with project's scala-library version: 3.3.4[0m
2025.04.28 14:44:11 INFO  no build target found for /home/chikoyeat/projects/crimson-sail/src/main/scala/com/example/StarlarkParser.scala. Using presentation compiler with project's scala-library version: 3.3.4[0m
2025.04.28 14:44:12 WARN  no build target for: /home/chikoyeat/projects/crimson-sail/src/main/scala/com/example/StarlarkParser.scala[0m
2025.04.28 14:44:12 INFO  no build target found for /home/chikoyeat/projects/crimson-sail/src/main/scala/com/example/StarlarkParser.scala. Using presentation compiler with project's scala-library version: 3.3.4[0m
2025.04.28 14:44:21 INFO  no build target found for /home/chikoyeat/projects/crimson-sail/src/main/scala/com/example/StarlarkParser.scala. Using presentation compiler with project's scala-library version: 3.3.4[0m
2025.04.28 14:44:27 INFO  no build target found for /home/chikoyeat/projects/crimson-sail/src/main/scala/com/example/StarlarkParser.scala. Using presentation compiler with project's scala-library version: 3.3.4[0m
2025.04.28 14:44:28 INFO  no build target found for /home/chikoyeat/projects/crimson-sail/src/main/scala/com/example/StarlarkParser.scala. Using presentation compiler with project's scala-library version: 3.3.4[0m
2025.04.28 14:44:28 INFO  no build target found for /home/chikoyeat/projects/crimson-sail/src/main/scala/com/example/StarlarkParser.scala. Using presentation compiler with project's scala-library version: 3.3.4[0m
2025.04.28 14:44:28 INFO  no build target found for /home/chikoyeat/projects/crimson-sail/src/main/scala/com/example/StarlarkParser.scala. Using presentation compiler with project's scala-library version: 3.3.4[0m
2025.04.28 14:44:28 INFO  no build target found for /home/chikoyeat/projects/crimson-sail/src/main/scala/com/example/StarlarkParser.scala. Using presentation compiler with project's scala-library version: 3.3.4[0m
2025.04.28 14:44:30 WARN  no build target for: /home/chikoyeat/projects/crimson-sail/src/main/scala/com/example/StarlarkParser.scala[0m
2025.04.28 14:44:30 INFO  no build target found for /home/chikoyeat/projects/crimson-sail/src/main/scala/com/example/StarlarkParser.scala. Using presentation compiler with project's scala-library version: 3.3.4[0m
2025.04.28 14:44:34 INFO  no build target found for /home/chikoyeat/projects/crimson-sail/src/main/scala/com/example/StarlarkParser.scala. Using presentation compiler with project's scala-library version: 3.3.4[0m
2025.04.28 14:44:36 WARN  no build target for: /home/chikoyeat/projects/crimson-sail/src/main/scala/com/example/StarlarkParser.scala[0m
2025.04.28 14:44:36 INFO  no build target found for /home/chikoyeat/projects/crimson-sail/src/main/scala/com/example/StarlarkParser.scala. Using presentation compiler with project's scala-library version: 3.3.4[0m
2025.04.28 14:44:39 INFO  no build target found for /home/chikoyeat/projects/crimson-sail/src/main/scala/com/example/StarlarkParser.scala. Using presentation compiler with project's scala-library version: 3.3.4[0m
2025.04.28 14:44:40 WARN  no build target for: /home/chikoyeat/projects/crimson-sail/src/main/scala/com/example/StarlarkParser.scala[0m
2025.04.28 14:44:40 INFO  no build target found for /home/chikoyeat/projects/crimson-sail/src/main/scala/com/example/StarlarkParser.scala. Using presentation compiler with project's scala-library version: 3.3.4[0m
2025.04.28 14:44:53 INFO  Started: Metals version 1.4.2 in folders '/home/chikoyeat/projects/crimson-sail' for client helix 24.7 (079f5442).[0m
2025.04.28 14:44:54 ERROR Unexpected error initializing server: 
org.eclipse.lsp4j.jsonrpc.ResponseErrorException: Method not found: window/showMessageRequest
	at org.eclipse.lsp4j.jsonrpc.RemoteEndpoint.handleResponse(RemoteEndpoint.java:220)
	at org.eclipse.lsp4j.jsonrpc.RemoteEndpoint.consume(RemoteEndpoint.java:204)
	at org.eclipse.lsp4j.jsonrpc.json.StreamMessageProducer.handleMessage(StreamMessageProducer.java:185)
	at org.eclipse.lsp4j.jsonrpc.json.StreamMessageProducer.listen(StreamMessageProducer.java:97)
	at org.eclipse.lsp4j.jsonrpc.json.ConcurrentMessageProcessor.run(ConcurrentMessageProcessor.java:114)
	at java.util.concurrent.Executors$RunnableAdapter.call(Executors.java:572)
	at java.util.concurrent.FutureTask.run(FutureTask.java:317)
	at java.util.concurrent.ThreadPoolExecutor.runWorker(ThreadPoolExecutor.java:1144)
	at java.util.concurrent.ThreadPoolExecutor$Worker.run(ThreadPoolExecutor.java:642)
	at java.lang.Thread.run(Thread.java:1583)
[0m
2025.04.28 14:45:01 WARN  no build target for: /home/chikoyeat/projects/crimson-sail/src/main/scala/com/example/StarlarkParser.scala[0m
2025.04.28 14:45:01 INFO  Shutting down server[0m
2025.04.28 14:45:01 INFO  shutting down Metals[0m
2025.04.28 14:45:08 INFO  no build target found for /home/chikoyeat/projects/crimson-sail/src/main/scala/com/example/WasmEmitter.scala. Using presentation compiler with project's scala-library version: 3.3.4[0m
2025.04.28 14:45:08 INFO  no build target found for /home/chikoyeat/projects/crimson-sail/src/main/scala/com/example/WasmEmitter.scala. Using presentation compiler with project's scala-library version: 3.3.4[0m
2025.04.28 14:45:08 INFO  no build target found for /home/chikoyeat/projects/crimson-sail/src/main/scala/com/example/WasmEmitter.scala. Using presentation compiler with project's scala-library version: 3.3.4[0m
2025.04.28 14:45:08 INFO  no build target found for /home/chikoyeat/projects/crimson-sail/src/main/scala/com/example/WasmEmitter.scala. Using presentation compiler with project's scala-library version: 3.3.4[0m
2025.04.28 14:45:08 INFO  no build target found for /home/chikoyeat/projects/crimson-sail/src/main/scala/com/example/WasmEmitter.scala. Using presentation compiler with project's scala-library version: 3.3.4[0m
2025.04.28 14:45:10 INFO  no build target found for /home/chikoyeat/projects/crimson-sail/src/main/scala/com/example/WasmEmitter.scala. Using presentation compiler with project's scala-library version: 3.3.4[0m
2025.04.28 14:45:10 INFO  no build target found for /home/chikoyeat/projects/crimson-sail/src/main/scala/com/example/WasmEmitter.scala. Using presentation compiler with project's scala-library version: 3.3.4[0m
2025.04.28 14:45:24 INFO  no build target found for /home/chikoyeat/projects/crimson-sail/src/main/scala/com/example/WasmEmitter.scala. Using presentation compiler with project's scala-library version: 3.3.4[0m
2025.04.28 14:45:24 INFO  no build target found for /home/chikoyeat/projects/crimson-sail/src/main/scala/com/example/WasmEmitter.scala. Using presentation compiler with project's scala-library version: 3.3.4[0m
2025.04.28 14:45:25 INFO  no build target found for /home/chikoyeat/projects/crimson-sail/src/main/scala/com/example/WasmEmitter.scala. Using presentation compiler with project's scala-library version: 3.3.4[0m
2025.04.28 14:45:25 WARN  no build target for: /home/chikoyeat/projects/crimson-sail/src/main/scala/com/example/WasmEmitter.scala[0m
2025.04.28 14:45:25 INFO  no build target found for /home/chikoyeat/projects/crimson-sail/src/main/scala/com/example/WasmEmitter.scala. Using presentation compiler with project's scala-library version: 3.3.4[0m
2025.04.28 14:45:46 WARN  no build target for: /home/chikoyeat/projects/crimson-sail/src/main/scala/com/example/WasmEmitter.scala[0m
2025.04.28 14:45:46 INFO  Shutting down server[0m
2025.04.28 14:45:46 INFO  shutting down Metals[0m
2025.04.28 14:48:46 INFO  Started: Metals version 1.4.2 in folders '/home/chikoyeat/projects/crimson-sail' for client helix 24.7 (079f5442).[0m
2025.04.28 14:48:47 ERROR Unexpected error initializing server: 
org.eclipse.lsp4j.jsonrpc.ResponseErrorException: Method not found: window/showMessageRequest
	at org.eclipse.lsp4j.jsonrpc.RemoteEndpoint.handleResponse(RemoteEndpoint.java:220)
	at org.eclipse.lsp4j.jsonrpc.RemoteEndpoint.consume(RemoteEndpoint.java:204)
	at org.eclipse.lsp4j.jsonrpc.json.StreamMessageProducer.handleMessage(StreamMessageProducer.java:185)
	at org.eclipse.lsp4j.jsonrpc.json.StreamMessageProducer.listen(StreamMessageProducer.java:97)
	at org.eclipse.lsp4j.jsonrpc.json.ConcurrentMessageProcessor.run(ConcurrentMessageProcessor.java:114)
	at java.util.concurrent.Executors$RunnableAdapter.call(Executors.java:572)
	at java.util.concurrent.FutureTask.run(FutureTask.java:317)
	at java.util.concurrent.ThreadPoolExecutor.runWorker(ThreadPoolExecutor.java:1144)
	at java.util.concurrent.ThreadPoolExecutor$Worker.run(ThreadPoolExecutor.java:642)
	at java.lang.Thread.run(Thread.java:1583)
[0m
2025.04.28 14:48:47 INFO  no build target found for /home/chikoyeat/projects/crimson-sail/src/main/scala/com/example/WasmEmitter.scala. Using presentation compiler with project's scala-library version: 3.3.4[0m
2025.04.28 14:51:27 INFO  no build target found for /home/chikoyeat/projects/crimson-sail/src/main/scala/com/example/WasmEmitter.scala. Using presentation compiler with project's scala-library version: 3.3.4[0m
2025.04.28 14:51:29 INFO  no build target found for /home/chikoyeat/projects/crimson-sail/src/main/scala/com/example/WasmEmitter.scala. Using presentation compiler with project's scala-library version: 3.3.4[0m
2025.04.28 14:51:49 WARN  no build target for: /home/chikoyeat/projects/crimson-sail/src/main/scala/com/example/WasmEmitter.scala[0m
2025.04.28 14:51:49 INFO  Shutting down server[0m
2025.04.28 14:51:49 INFO  shutting down Metals[0m
2025.04.28 14:51:49 INFO  no build target found for /home/chikoyeat/projects/crimson-sail/src/main/scala/com/example/WasmEmitter.scala. Using presentation compiler with project's scala-library version: 3.3.4[0m
2025.04.28 14:53:04 INFO  Started: Metals version 1.4.2 in folders '/home/chikoyeat/projects/crimson-sail' for client helix 24.7 (079f5442).[0m
2025.04.28 14:53:08 INFO  Shutting down server[0m
2025.04.28 14:53:08 INFO  shutting down Metals[0m
2025.04.28 15:51:39 INFO  Started: Metals version 1.4.2 in folders '/home/chikoyeat/projects/crimson-sail' for client helix 24.7 (079f5442).[0m
2025.04.28 15:51:42 ERROR Unexpected error initializing server: 
org.eclipse.lsp4j.jsonrpc.ResponseErrorException: Method not found: window/showMessageRequest
	at org.eclipse.lsp4j.jsonrpc.RemoteEndpoint.handleResponse(RemoteEndpoint.java:220)
	at org.eclipse.lsp4j.jsonrpc.RemoteEndpoint.consume(RemoteEndpoint.java:204)
	at org.eclipse.lsp4j.jsonrpc.json.StreamMessageProducer.handleMessage(StreamMessageProducer.java:185)
	at org.eclipse.lsp4j.jsonrpc.json.StreamMessageProducer.listen(StreamMessageProducer.java:97)
	at org.eclipse.lsp4j.jsonrpc.json.ConcurrentMessageProcessor.run(ConcurrentMessageProcessor.java:114)
	at java.util.concurrent.Executors$RunnableAdapter.call(Executors.java:572)
	at java.util.concurrent.FutureTask.run(FutureTask.java:317)
	at java.util.concurrent.ThreadPoolExecutor.runWorker(ThreadPoolExecutor.java:1144)
	at java.util.concurrent.ThreadPoolExecutor$Worker.run(ThreadPoolExecutor.java:642)
	at java.lang.Thread.run(Thread.java:1583)
[0m
2025.04.28 15:51:52 INFO  no build target found for /home/chikoyeat/projects/crimson-sail/src/main/scala/com/example/StarlarkParser.scala. Using presentation compiler with project's scala-library version: 3.3.4[0m
2025.04.28 15:51:55 INFO  no build target found for /home/chikoyeat/projects/crimson-sail/src/main/scala/com/example/StarlarkParser.scala. Using presentation compiler with project's scala-library version: 3.3.4[0m
2025.04.28 15:51:57 INFO  no build target found for /home/chikoyeat/projects/crimson-sail/src/main/scala/com/example/StarlarkParser.scala. Using presentation compiler with project's scala-library version: 3.3.4[0m
2025.04.28 15:51:57 WARN  no build target for: /home/chikoyeat/projects/crimson-sail/src/main/scala/com/example/StarlarkParser.scala[0m
2025.04.28 15:51:57 INFO  no build target found for /home/chikoyeat/projects/crimson-sail/src/main/scala/com/example/StarlarkParser.scala. Using presentation compiler with project's scala-library version: 3.3.4[0m
2025.04.28 15:52:18 WARN  no build target for: /home/chikoyeat/projects/crimson-sail/src/main/scala/com/example/StarlarkParser.scala[0m
2025.04.28 15:52:18 INFO  Shutting down server[0m
2025.04.28 15:52:18 INFO  shutting down Metals[0m
2025.04.28 16:18:03 INFO  Started: Metals version 1.4.2 in folders '/home/chikoyeat/projects/crimson-sail' for client helix 24.7 (079f5442).[0m
2025.04.28 16:18:04 ERROR Unexpected error initializing server: 
org.eclipse.lsp4j.jsonrpc.ResponseErrorException: Method not found: window/showMessageRequest
	at org.eclipse.lsp4j.jsonrpc.RemoteEndpoint.handleResponse(RemoteEndpoint.java:220)
	at org.eclipse.lsp4j.jsonrpc.RemoteEndpoint.consume(RemoteEndpoint.java:204)
	at org.eclipse.lsp4j.jsonrpc.json.StreamMessageProducer.handleMessage(StreamMessageProducer.java:185)
	at org.eclipse.lsp4j.jsonrpc.json.StreamMessageProducer.listen(StreamMessageProducer.java:97)
	at org.eclipse.lsp4j.jsonrpc.json.ConcurrentMessageProcessor.run(ConcurrentMessageProcessor.java:114)
	at java.util.concurrent.Executors$RunnableAdapter.call(Executors.java:572)
	at java.util.concurrent.FutureTask.run(FutureTask.java:317)
	at java.util.concurrent.ThreadPoolExecutor.runWorker(ThreadPoolExecutor.java:1144)
	at java.util.concurrent.ThreadPoolExecutor$Worker.run(ThreadPoolExecutor.java:642)
	at java.lang.Thread.run(Thread.java:1583)
[0m
2025.04.28 16:18:09 INFO  no build target found for /home/chikoyeat/projects/crimson-sail/src/main/scala/com/example/StarlarkParser.scala. Using presentation compiler with project's scala-library version: 3.3.4[0m
2025.04.28 16:18:09 INFO  no build target found for /home/chikoyeat/projects/crimson-sail/src/main/scala/com/example/StarlarkParser.scala. Using presentation compiler with project's scala-library version: 3.3.4[0m
2025.04.28 16:18:09 INFO  no build target found for /home/chikoyeat/projects/crimson-sail/src/main/scala/com/example/StarlarkParser.scala. Using presentation compiler with project's scala-library version: 3.3.4[0m
2025.04.28 16:18:09 INFO  no build target found for /home/chikoyeat/projects/crimson-sail/src/main/scala/com/example/StarlarkParser.scala. Using presentation compiler with project's scala-library version: 3.3.4[0m
2025.04.28 16:18:12 INFO  no build target found for /home/chikoyeat/projects/crimson-sail/src/main/scala/com/example/StarlarkParser.scala. Using presentation compiler with project's scala-library version: 3.3.4[0m
2025.04.28 16:18:13 WARN  no build target for: /home/chikoyeat/projects/crimson-sail/src/main/scala/com/example/StarlarkParser.scala[0m
2025.04.28 16:18:13 INFO  no build target found for /home/chikoyeat/projects/crimson-sail/src/main/scala/com/example/StarlarkParser.scala. Using presentation compiler with project's scala-library version: 3.3.4[0m
2025.04.28 16:18:45 INFO  no build target found for /home/chikoyeat/projects/crimson-sail/src/main/scala/com/example/StarlarkParser.scala. Using presentation compiler with project's scala-library version: 3.3.4[0m
2025.04.28 16:18:45 INFO  no build target found for /home/chikoyeat/projects/crimson-sail/src/main/scala/com/example/StarlarkParser.scala. Using presentation compiler with project's scala-library version: 3.3.4[0m
2025.04.28 16:18:47 INFO  no build target found for /home/chikoyeat/projects/crimson-sail/src/main/scala/com/example/StarlarkParser.scala. Using presentation compiler with project's scala-library version: 3.3.4[0m
2025.04.28 16:18:47 WARN  no build target for: /home/chikoyeat/projects/crimson-sail/src/main/scala/com/example/StarlarkParser.scala[0m
2025.04.28 16:18:47 INFO  no build target found for /home/chikoyeat/projects/crimson-sail/src/main/scala/com/example/StarlarkParser.scala. Using presentation compiler with project's scala-library version: 3.3.4[0m
2025.04.28 16:19:08 INFO  no build target found for /home/chikoyeat/projects/crimson-sail/src/main/scala/com/example/Main.scala. Using presentation compiler with project's scala-library version: 3.3.4[0m
2025.04.28 16:19:10 INFO  no build target found for /home/chikoyeat/projects/crimson-sail/src/main/scala/com/example/Main.scala. Using presentation compiler with project's scala-library version: 3.3.4[0m
2025.04.28 16:19:11 INFO  no build target found for /home/chikoyeat/projects/crimson-sail/src/main/scala/com/example/Main.scala. Using presentation compiler with project's scala-library version: 3.3.4[0m
2025.04.28 16:19:11 WARN  no build target for: /home/chikoyeat/projects/crimson-sail/src/main/scala/com/example/Main.scala[0m
2025.04.28 16:19:11 INFO  no build target found for /home/chikoyeat/projects/crimson-sail/src/main/scala/com/example/Main.scala. Using presentation compiler with project's scala-library version: 3.3.4[0m
2025.04.28 16:19:40 WARN  no build target for: /home/chikoyeat/projects/crimson-sail/src/main/scala/com/example/Main.scala[0m
2025.04.28 16:19:40 INFO  Shutting down server[0m
2025.04.28 16:19:40 INFO  shutting down Metals[0m
2025.04.28 16:27:18 INFO  Started: Metals version 1.4.2 in folders '/home/chikoyeat/projects/crimson-sail' for client helix 24.7 (079f5442).[0m
2025.04.28 16:27:19 ERROR Unexpected error initializing server: 
org.eclipse.lsp4j.jsonrpc.ResponseErrorException: Method not found: window/showMessageRequest
	at org.eclipse.lsp4j.jsonrpc.RemoteEndpoint.handleResponse(RemoteEndpoint.java:220)
	at org.eclipse.lsp4j.jsonrpc.RemoteEndpoint.consume(RemoteEndpoint.java:204)
	at org.eclipse.lsp4j.jsonrpc.json.StreamMessageProducer.handleMessage(StreamMessageProducer.java:185)
	at org.eclipse.lsp4j.jsonrpc.json.StreamMessageProducer.listen(StreamMessageProducer.java:97)
	at org.eclipse.lsp4j.jsonrpc.json.ConcurrentMessageProcessor.run(ConcurrentMessageProcessor.java:114)
	at java.util.concurrent.Executors$RunnableAdapter.call(Executors.java:572)
	at java.util.concurrent.FutureTask.run(FutureTask.java:317)
	at java.util.concurrent.ThreadPoolExecutor.runWorker(ThreadPoolExecutor.java:1144)
	at java.util.concurrent.ThreadPoolExecutor$Worker.run(ThreadPoolExecutor.java:642)
	at java.lang.Thread.run(Thread.java:1583)
[0m
2025.04.28 16:30:00 INFO  Shutting down server[0m
2025.04.28 16:30:00 INFO  shutting down Metals[0m
2025.04.28 16:38:07 INFO  Started: Metals version 1.4.2 in folders '/home/chikoyeat/projects/crimson-sail' for client helix 24.7 (079f5442).[0m
2025.04.28 16:38:08 ERROR Unexpected error initializing server: 
org.eclipse.lsp4j.jsonrpc.ResponseErrorException: Method not found: window/showMessageRequest
	at org.eclipse.lsp4j.jsonrpc.RemoteEndpoint.handleResponse(RemoteEndpoint.java:220)
	at org.eclipse.lsp4j.jsonrpc.RemoteEndpoint.consume(RemoteEndpoint.java:204)
	at org.eclipse.lsp4j.jsonrpc.json.StreamMessageProducer.handleMessage(StreamMessageProducer.java:185)
	at org.eclipse.lsp4j.jsonrpc.json.StreamMessageProducer.listen(StreamMessageProducer.java:97)
	at org.eclipse.lsp4j.jsonrpc.json.ConcurrentMessageProcessor.run(ConcurrentMessageProcessor.java:114)
	at java.util.concurrent.Executors$RunnableAdapter.call(Executors.java:572)
	at java.util.concurrent.FutureTask.run(FutureTask.java:317)
	at java.util.concurrent.ThreadPoolExecutor.runWorker(ThreadPoolExecutor.java:1144)
	at java.util.concurrent.ThreadPoolExecutor$Worker.run(ThreadPoolExecutor.java:642)
	at java.lang.Thread.run(Thread.java:1583)
[0m
2025.04.28 16:38:26 INFO  no build target found for /home/chikoyeat/projects/crimson-sail/src/main/scala/com/example/WasmEmitter.scala. Using presentation compiler with project's scala-library version: 3.3.4[0m
2025.04.28 16:38:26 INFO  no build target found for /home/chikoyeat/projects/crimson-sail/src/main/scala/com/example/WasmEmitter.scala. Using presentation compiler with project's scala-library version: 3.3.4[0m
2025.04.28 16:38:28 WARN  no build target for: /home/chikoyeat/projects/crimson-sail/src/main/scala/com/example/WasmEmitter.scala[0m
2025.04.28 16:38:28 INFO  no build target found for /home/chikoyeat/projects/crimson-sail/src/main/scala/com/example/WasmEmitter.scala. Using presentation compiler with project's scala-library version: 3.3.4[0m
2025.04.28 16:38:30 INFO  no build target found for /home/chikoyeat/projects/crimson-sail/src/main/scala/com/example/WasmEmitter.scala. Using presentation compiler with project's scala-library version: 3.3.4[0m
2025.04.28 16:38:32 WARN  no build target for: /home/chikoyeat/projects/crimson-sail/src/main/scala/com/example/WasmEmitter.scala[0m
2025.04.28 16:38:32 INFO  no build target found for /home/chikoyeat/projects/crimson-sail/src/main/scala/com/example/WasmEmitter.scala. Using presentation compiler with project's scala-library version: 3.3.4[0m
2025.04.28 16:38:35 INFO  no build target found for /home/chikoyeat/projects/crimson-sail/src/main/scala/com/example/WasmEmitter.scala. Using presentation compiler with project's scala-library version: 3.3.4[0m
2025.04.28 16:38:37 INFO  no build target found for /home/chikoyeat/projects/crimson-sail/src/main/scala/com/example/WasmEmitter.scala. Using presentation compiler with project's scala-library version: 3.3.4[0m
2025.04.28 16:38:38 INFO  no build target found for /home/chikoyeat/projects/crimson-sail/src/main/scala/com/example/WasmEmitter.scala. Using presentation compiler with project's scala-library version: 3.3.4[0m
2025.04.28 16:38:39 INFO  no build target found for /home/chikoyeat/projects/crimson-sail/src/main/scala/com/example/WasmEmitter.scala. Using presentation compiler with project's scala-library version: 3.3.4[0m
2025.04.28 16:38:40 INFO  no build target found for /home/chikoyeat/projects/crimson-sail/src/main/scala/com/example/WasmEmitter.scala. Using presentation compiler with project's scala-library version: 3.3.4[0m
2025.04.28 16:38:41 INFO  no build target found for /home/chikoyeat/projects/crimson-sail/src/main/scala/com/example/WasmEmitter.scala. Using presentation compiler with project's scala-library version: 3.3.4[0m
2025.04.28 16:38:43 INFO  no build target found for /home/chikoyeat/projects/crimson-sail/src/main/scala/com/example/WasmEmitter.scala. Using presentation compiler with project's scala-library version: 3.3.4[0m
2025.04.28 16:38:44 INFO  no build target found for /home/chikoyeat/projects/crimson-sail/src/main/scala/com/example/WasmEmitter.scala. Using presentation compiler with project's scala-library version: 3.3.4[0m
2025.04.28 16:38:46 INFO  no build target found for /home/chikoyeat/projects/crimson-sail/src/main/scala/com/example/WasmEmitter.scala. Using presentation compiler with project's scala-library version: 3.3.4[0m
2025.04.28 16:38:50 INFO  no build target found for /home/chikoyeat/projects/crimson-sail/src/main/scala/com/example/WasmEmitter.scala. Using presentation compiler with project's scala-library version: 3.3.4[0m
2025.04.28 16:38:54 INFO  no build target found for /home/chikoyeat/projects/crimson-sail/src/main/scala/com/example/WasmEmitter.scala. Using presentation compiler with project's scala-library version: 3.3.4[0m
2025.04.28 16:39:16 WARN  no build target for: /home/chikoyeat/projects/crimson-sail/src/main/scala/com/example/WasmEmitter.scala[0m
2025.04.28 16:39:16 INFO  Shutting down server[0m
2025.04.28 16:39:16 INFO  no build target found for /home/chikoyeat/projects/crimson-sail/src/main/scala/com/example/WasmEmitter.scala. Using presentation compiler with project's scala-library version: 3.3.4[0m
2025.04.28 16:39:16 INFO  shutting down Metals[0m
2025.04.28 16:40:40 INFO  Started: Metals version 1.4.2 in folders '/home/chikoyeat/projects/crimson-sail' for client helix 24.7 (079f5442).[0m
2025.04.28 16:40:44 INFO  no build target found for /home/chikoyeat/projects/crimson-sail/src/main/scala/com/example/WasmEmitter.scala. Using presentation compiler with project's scala-library version: 3.3.4[0m
2025.04.28 16:40:44 INFO  no build target found for /home/chikoyeat/projects/crimson-sail/src/main/scala/com/example/WasmEmitter.scala. Using presentation compiler with project's scala-library version: 3.3.4[0m
2025.04.28 16:40:44 INFO  no build target found for /home/chikoyeat/projects/crimson-sail/src/main/scala/com/example/WasmEmitter.scala. Using presentation compiler with project's scala-library version: 3.3.4[0m
2025.04.28 16:40:44 ERROR Unexpected error initializing server: 
org.eclipse.lsp4j.jsonrpc.ResponseErrorException: Method not found: window/showMessageRequest
	at org.eclipse.lsp4j.jsonrpc.RemoteEndpoint.handleResponse(RemoteEndpoint.java:220)
	at org.eclipse.lsp4j.jsonrpc.RemoteEndpoint.consume(RemoteEndpoint.java:204)
	at org.eclipse.lsp4j.jsonrpc.json.StreamMessageProducer.handleMessage(StreamMessageProducer.java:185)
	at org.eclipse.lsp4j.jsonrpc.json.StreamMessageProducer.listen(StreamMessageProducer.java:97)
	at org.eclipse.lsp4j.jsonrpc.json.ConcurrentMessageProcessor.run(ConcurrentMessageProcessor.java:114)
	at java.util.concurrent.Executors$RunnableAdapter.call(Executors.java:572)
	at java.util.concurrent.FutureTask.run(FutureTask.java:317)
	at java.util.concurrent.ThreadPoolExecutor.runWorker(ThreadPoolExecutor.java:1144)
	at java.util.concurrent.ThreadPoolExecutor$Worker.run(ThreadPoolExecutor.java:642)
	at java.lang.Thread.run(Thread.java:1583)
[0m
2025.04.28 16:41:04 WARN  no build target for: /home/chikoyeat/projects/crimson-sail/src/main/scala/com/example/WasmEmitter.scala[0m
2025.04.28 16:41:04 INFO  no build target found for /home/chikoyeat/projects/crimson-sail/src/main/scala/com/example/WasmEmitter.scala. Using presentation compiler with project's scala-library version: 3.3.4[0m
2025.04.28 16:41:31 WARN  no build target for: /home/chikoyeat/projects/crimson-sail/src/main/scala/com/example/WasmEmitter.scala[0m
2025.04.28 16:41:31 INFO  Shutting down server[0m
2025.04.28 16:41:31 INFO  shutting down Metals[0m
2025.04.28 17:21:12 INFO  Started: Metals version 1.4.2 in folders '/home/chikoyeat/projects/crimson-sail' for client helix 24.7 (079f5442).[0m
2025.04.28 17:23:43 INFO  Started: Metals version 1.4.2 in folders '/home/chikoyeat/projects/crimson-sail' for client helix 24.7 (079f5442).[0m
2025.04.28 17:23:44 ERROR Unexpected error initializing server: 
org.eclipse.lsp4j.jsonrpc.ResponseErrorException: Method not found: window/showMessageRequest
	at org.eclipse.lsp4j.jsonrpc.RemoteEndpoint.handleResponse(RemoteEndpoint.java:220)
	at org.eclipse.lsp4j.jsonrpc.RemoteEndpoint.consume(RemoteEndpoint.java:204)
	at org.eclipse.lsp4j.jsonrpc.json.StreamMessageProducer.handleMessage(StreamMessageProducer.java:185)
	at org.eclipse.lsp4j.jsonrpc.json.StreamMessageProducer.listen(StreamMessageProducer.java:97)
	at org.eclipse.lsp4j.jsonrpc.json.ConcurrentMessageProcessor.run(ConcurrentMessageProcessor.java:114)
	at java.util.concurrent.Executors$RunnableAdapter.call(Executors.java:572)
	at java.util.concurrent.FutureTask.run(FutureTask.java:317)
	at java.util.concurrent.ThreadPoolExecutor.runWorker(ThreadPoolExecutor.java:1144)
	at java.util.concurrent.ThreadPoolExecutor$Worker.run(ThreadPoolExecutor.java:642)
	at java.lang.Thread.run(Thread.java:1583)
[0m
2025.04.28 17:23:47 INFO  no build target found for /home/chikoyeat/projects/crimson-sail/src/main/scala/com/example/StarlarkParser.scala. Using presentation compiler with project's scala-library version: 3.3.4[0m
2025.04.28 17:23:47 INFO  no build target found for /home/chikoyeat/projects/crimson-sail/src/main/scala/com/example/StarlarkParser.scala. Using presentation compiler with project's scala-library version: 3.3.4[0m
2025.04.28 17:23:49 INFO  no build target found for /home/chikoyeat/projects/crimson-sail/src/main/scala/com/example/StarlarkParser.scala. Using presentation compiler with project's scala-library version: 3.3.4[0m
2025.04.28 17:23:49 WARN  no build target for: /home/chikoyeat/projects/crimson-sail/src/main/scala/com/example/StarlarkParser.scala[0m
2025.04.28 17:23:49 INFO  no build target found for /home/chikoyeat/projects/crimson-sail/src/main/scala/com/example/StarlarkParser.scala. Using presentation compiler with project's scala-library version: 3.3.4[0m
2025.04.28 17:24:10 WARN  no build target for: /home/chikoyeat/projects/crimson-sail/src/main/scala/com/example/StarlarkParser.scala[0m
2025.04.28 17:24:10 INFO  Shutting down server[0m
2025.04.28 17:24:10 INFO  shutting down Metals[0m
2025.04.28 17:24:45 INFO  Started: Metals version 1.4.2 in folders '/home/chikoyeat/projects/crimson-sail' for client helix 24.7 (079f5442).[0m
2025.04.28 17:24:46 ERROR Unexpected error initializing server: 
org.eclipse.lsp4j.jsonrpc.ResponseErrorException: Method not found: window/showMessageRequest
	at org.eclipse.lsp4j.jsonrpc.RemoteEndpoint.handleResponse(RemoteEndpoint.java:220)
	at org.eclipse.lsp4j.jsonrpc.RemoteEndpoint.consume(RemoteEndpoint.java:204)
	at org.eclipse.lsp4j.jsonrpc.json.StreamMessageProducer.handleMessage(StreamMessageProducer.java:185)
	at org.eclipse.lsp4j.jsonrpc.json.StreamMessageProducer.listen(StreamMessageProducer.java:97)
	at org.eclipse.lsp4j.jsonrpc.json.ConcurrentMessageProcessor.run(ConcurrentMessageProcessor.java:114)
	at java.util.concurrent.Executors$RunnableAdapter.call(Executors.java:572)
	at java.util.concurrent.FutureTask.run(FutureTask.java:317)
	at java.util.concurrent.ThreadPoolExecutor.runWorker(ThreadPoolExecutor.java:1144)
	at java.util.concurrent.ThreadPoolExecutor$Worker.run(ThreadPoolExecutor.java:642)
	at java.lang.Thread.run(Thread.java:1583)
[0m
2025.04.28 17:24:51 INFO  Shutting down server[0m
2025.04.28 17:24:51 INFO  shutting down Metals[0m
2025.04.28 17:25:07 INFO  Started: Metals version 1.4.2 in folders '/home/chikoyeat/projects/crimson-sail' for client helix 24.7 (079f5442).[0m
2025.04.28 17:25:07 ERROR Unexpected error initializing server: 
org.eclipse.lsp4j.jsonrpc.ResponseErrorException: Method not found: window/showMessageRequest
	at org.eclipse.lsp4j.jsonrpc.RemoteEndpoint.handleResponse(RemoteEndpoint.java:220)
	at org.eclipse.lsp4j.jsonrpc.RemoteEndpoint.consume(RemoteEndpoint.java:204)
	at org.eclipse.lsp4j.jsonrpc.json.StreamMessageProducer.handleMessage(StreamMessageProducer.java:185)
	at org.eclipse.lsp4j.jsonrpc.json.StreamMessageProducer.listen(StreamMessageProducer.java:97)
	at org.eclipse.lsp4j.jsonrpc.json.ConcurrentMessageProcessor.run(ConcurrentMessageProcessor.java:114)
	at java.util.concurrent.Executors$RunnableAdapter.call(Executors.java:572)
	at java.util.concurrent.FutureTask.run(FutureTask.java:317)
	at java.util.concurrent.ThreadPoolExecutor.runWorker(ThreadPoolExecutor.java:1144)
	at java.util.concurrent.ThreadPoolExecutor$Worker.run(ThreadPoolExecutor.java:642)
	at java.lang.Thread.run(Thread.java:1583)
[0m
2025.04.28 17:25:11 INFO  no build target found for /home/chikoyeat/projects/crimson-sail/src/main/scala/com/example/Main.scala. Using presentation compiler with project's scala-library version: 3.3.4[0m
2025.04.28 17:25:11 INFO  no build target found for /home/chikoyeat/projects/crimson-sail/src/main/scala/com/example/Main.scala. Using presentation compiler with project's scala-library version: 3.3.4[0m
2025.04.28 17:25:13 INFO  no build target found for /home/chikoyeat/projects/crimson-sail/src/main/scala/com/example/Main.scala. Using presentation compiler with project's scala-library version: 3.3.4[0m
2025.04.28 17:25:33 WARN  no build target for: /home/chikoyeat/projects/crimson-sail/src/main/scala/com/example/Main.scala[0m
2025.04.28 17:25:33 INFO  Shutting down server[0m
2025.04.28 17:25:33 INFO  no build target found for /home/chikoyeat/projects/crimson-sail/src/main/scala/com/example/Main.scala. Using presentation compiler with project's scala-library version: 3.3.4[0m
2025.04.28 17:25:33 INFO  shutting down Metals[0m
